<?xml version="1.0" encoding="UTF-8"?>
<!-- Generated by org.testng.reporters.JUnitXMLReporter -->
<testsuite ignored="1" hostname="QSP" failures="0" tests="2" name="Default test" time="0.155" errors="0" timestamp="2021-12-24T17:42:45 IST">
  <testcase classname="testng.Test2" name="calls" time="0.041"/>
  <testcase classname="testng.Test2" name="calls" time="0.004"/>
  <testcase classname="testng.Test2" name="settings" time="0.0">
    <ignored/>
  </testcase> <!-- settings -->
</testsuite> <!-- Default test -->
