<?xml version="1.0" encoding="UTF-8"?>
<testng-results ignored="0" total="1" passed="1" failed="0" skipped="0">
  <reporter-output>
    <line>
      <![CDATA[Facebook – log in or sign up]]>
    </line>
    <line>
      <![CDATA[https://www.facebook.com/login/?privacy_mutation_token=eyJ0eXBlIjowLCJjcmVhdGlvbl90aW1lIjoxNjQwNjA3MjY3LCJjYWxsc2l0ZV9pZCI6MzgxMjI5MDc5NTc1OTQ2fQ%3D%3D]]>
    </line>
  </reporter-output>
  <suite started-at="2021-12-27T17:44:21 IST" name="Failed suite [Suite]" finished-at="2021-12-27T17:44:56 IST" duration-ms="34520">
    <groups>
    </groups>
    <test started-at="2021-12-27T17:44:21 IST" name="Test(failed)" finished-at="2021-12-27T17:44:56 IST" duration-ms="34520">
      <class name="testng.Testcase1">
        <test-method is-config="true" signature="openApp()[pri:0, instance:testng.Testcase1@45ca843]" started-at="2021-12-27T17:44:21 IST" name="openApp" finished-at="2021-12-27T17:44:30 IST" duration-ms="8709" status="PASS">
          <reporter-output>
          </reporter-output>
        </test-method> <!-- openApp -->
        <test-method signature="login()[pri:0, instance:testng.Testcase1@45ca843]" started-at="2021-12-27T17:44:30 IST" name="login" finished-at="2021-12-27T17:44:51 IST" duration-ms="21488" status="PASS">
          <reporter-output>
            <line>
              <![CDATA[Facebook – log in or sign up]]>
            </line>
            <line>
              <![CDATA[https://www.facebook.com/login/?privacy_mutation_token=eyJ0eXBlIjowLCJjcmVhdGlvbl90aW1lIjoxNjQwNjA3MjY3LCJjYWxsc2l0ZV9pZCI6MzgxMjI5MDc5NTc1OTQ2fQ%3D%3D]]>
            </line>
          </reporter-output>
        </test-method> <!-- login -->
        <test-method is-config="true" signature="closeApp()[pri:0, instance:testng.Testcase1@45ca843]" started-at="2021-12-27T17:44:51 IST" name="closeApp" finished-at="2021-12-27T17:44:56 IST" duration-ms="4230" status="PASS">
          <reporter-output>
          </reporter-output>
        </test-method> <!-- closeApp -->
      </class> <!-- testng.Testcase1 -->
    </test> <!-- Test(failed) -->
  </suite> <!-- Failed suite [Suite] -->
</testng-results>
